  [1m[36mSQL (0.2ms)[0m  [1m SELECT name
 FROM sqlite_master
 WHERE type = 'table' AND NOT name = 'sqlite_sequence'
[0m
  [1m[35mSQL (1.8ms)[0m  select sqlite_version(*)
  [1m[36mSQL (0.9ms)[0m  [1mCREATE TABLE "schema_migrations" ("version" varchar(255) NOT NULL) [0m
  [1m[35mSQL (0.0ms)[0m  PRAGMA index_list("schema_migrations")
  [1m[36mSQL (0.7ms)[0m  [1mCREATE UNIQUE INDEX "unique_schema_migrations" ON "schema_migrations" ("version")[0m
  [1m[35mSQL (0.1ms)[0m   SELECT name
 FROM sqlite_master
 WHERE type = 'table' AND NOT name = 'sqlite_sequence'
  [1m[36mSQL (0.1ms)[0m  [1m SELECT name
 FROM sqlite_master
 WHERE type = 'table' AND NOT name = 'sqlite_sequence'
[0m
  [1m[35mSQL (0.1ms)[0m  SELECT "schema_migrations"."version" FROM "schema_migrations"
Migrating to CreataDatabase (20140709140044)
  [1m[36mSQL (0.2ms)[0m  [1m SELECT name
 FROM sqlite_master
 WHERE type = 'table' AND NOT name = 'sqlite_sequence'
[0m
  [1m[35mSQL (0.4ms)[0m  CREATE TABLE "avoirs" ("id" INTEGER PRIMARY KEY AUTOINCREMENT NOT NULL, "price" float DEFAULT 0.0, "facture_id" integer NOT NULL, "created_at" datetime, "updated_at" datetime, "numavoir" varchar(255) DEFAULT '' NOT NULL, "designation" text DEFAULT '') 
  [1m[36mSQL (0.0ms)[0m  [1mPRAGMA index_list("avoirs")[0m
  [1m[35mSQL (0.1ms)[0m  CREATE INDEX "facture_id" ON "avoirs" ("facture_id")
  [1m[36mSQL (0.1ms)[0m  [1m SELECT name
 FROM sqlite_master
 WHERE type = 'table' AND NOT name = 'sqlite_sequence'
[0m
  [1m[35mSQL (0.1ms)[0m  CREATE TABLE "bonlivraisons" ("id" INTEGER PRIMARY KEY AUTOINCREMENT NOT NULL, "numlivraison" varchar(255) NOT NULL, "created_at" datetime, "updated_at" datetime, "devi_id" integer DEFAULT 0 NOT NULL, "adresselivraison" varchar(255) DEFAULT '') 
  [1m[36mSQL (0.0ms)[0m  [1mPRAGMA index_list("bonlivraisons")[0m
  [1m[35mSQL (0.1ms)[0m  CREATE INDEX "bonlivraison_devi_id" ON "bonlivraisons" ("devi_id")
  [1m[36mSQL (0.1ms)[0m  [1m SELECT name
 FROM sqlite_master
 WHERE type = 'table' AND NOT name = 'sqlite_sequence'
[0m
  [1m[35mSQL (0.1ms)[0m  CREATE TABLE "bonlivraisons_factures" ("facture_id" integer NOT NULL, "bonlivraison_id" integer NOT NULL) 
  [1m[36mSQL (0.0ms)[0m  [1mPRAGMA index_list("bonlivraisons_factures")[0m
  [1m[35mSQL (0.1ms)[0m  CREATE INDEX "index_bonlivraisons_factures_on_bonlivraison_id" ON "bonlivraisons_factures" ("bonlivraison_id")
  [1m[36mSQL (0.0ms)[0m  [1mPRAGMA index_list("bonlivraisons_factures")[0m
  [1m[35mSQL (0.0ms)[0m  PRAGMA index_info('index_bonlivraisons_factures_on_bonlivraison_id')
  [1m[36mSQL (0.1ms)[0m  [1mCREATE INDEX "index_bonlivraisons_factures_on_facture_id" ON "bonlivraisons_factures" ("facture_id")[0m
  [1m[35mSQL (0.1ms)[0m   SELECT name
 FROM sqlite_master
 WHERE type = 'table' AND NOT name = 'sqlite_sequence'
  [1m[36mSQL (0.1ms)[0m  [1mCREATE TABLE "clients" ("id" INTEGER PRIMARY KEY AUTOINCREMENT NOT NULL, "numclient" integer NOT NULL, "nameentreprise" varchar(255) NOT NULL, "adresse" text(255) NOT NULL, "namerefcontact" varchar(255), "created_at" datetime, "updated_at" datetime, "tva_intra" varchar(255), "affacturage" boolean DEFAULT 'f') [0m
  [1m[35mSQL (0.1ms)[0m   SELECT name
 FROM sqlite_master
 WHERE type = 'table' AND NOT name = 'sqlite_sequence'
  [1m[36mSQL (0.1ms)[0m  [1mCREATE TABLE "devis" ("id" INTEGER PRIMARY KEY AUTOINCREMENT NOT NULL, "description" varchar(255), "numdevis" varchar(255), "client_id" integer NOT NULL, "created_at" datetime, "updated_at" datetime, "tva" boolean DEFAULT 't', "cond_payment" varchar(255) DEFAULT '40% à la commande, 60% à la livraison.', "etat" integer DEFAULT 1) [0m
  [1m[35mSQL (0.0ms)[0m  PRAGMA index_list("devis")
  [1m[36mSQL (0.1ms)[0m  [1mCREATE INDEX "client_id" ON "devis" ("client_id")[0m
  [1m[35mSQL (0.1ms)[0m   SELECT name
 FROM sqlite_master
 WHERE type = 'table' AND NOT name = 'sqlite_sequence'
  [1m[36mSQL (0.1ms)[0m  [1mCREATE TABLE "factures" ("id" INTEGER PRIMARY KEY AUTOINCREMENT NOT NULL, "numfacture" varchar(255) NOT NULL, "numcommande" varchar(255), "devi_id" integer NOT NULL, "created_at" datetime, "updated_at" datetime, "choixrib" varchar(255) DEFAULT 'rib', "accompte" integer DEFAULT 100, "proforma" boolean DEFAULT 'f', "cond_reglement" varchar(255) DEFAULT 'net à réception de la facture.', "datepaiementcheck" boolean DEFAULT 'f', "datepaiement" datetime, "annulation" boolean DEFAULT 'f') [0m
  [1m[35mSQL (0.0ms)[0m  PRAGMA index_list("factures")
  [1m[36mSQL (0.1ms)[0m  [1mCREATE INDEX "devi_facture_id" ON "factures" ("devi_id")[0m
  [1m[35mSQL (0.1ms)[0m   SELECT name
 FROM sqlite_master
 WHERE type = 'table' AND NOT name = 'sqlite_sequence'
  [1m[36mSQL (0.1ms)[0m  [1mCREATE TABLE "factures_pvrecettes" ("pvrecette_id" integer NOT NULL, "facture_id" integer NOT NULL) [0m
  [1m[35mSQL (0.0ms)[0m  PRAGMA index_list("factures_pvrecettes")
  [1m[36mSQL (0.1ms)[0m  [1mCREATE INDEX "factures_pvrecettes_facture_id" ON "factures_pvrecettes" ("facture_id")[0m
  [1m[35mSQL (0.0ms)[0m  PRAGMA index_list("factures_pvrecettes")
  [1m[36mSQL (0.0ms)[0m  [1mPRAGMA index_info('factures_pvrecettes_facture_id')[0m
  [1m[35mSQL (0.1ms)[0m  CREATE INDEX "factures_pvrecettes_pvrecette_id" ON "factures_pvrecettes" ("pvrecette_id")
  [1m[36mSQL (0.1ms)[0m  [1m SELECT name
 FROM sqlite_master
 WHERE type = 'table' AND NOT name = 'sqlite_sequence'
[0m
  [1m[35mSQL (0.1ms)[0m  CREATE TABLE "informationlignes" ("id" INTEGER PRIMARY KEY AUTOINCREMENT NOT NULL, "name" varchar(255), "number" float DEFAULT 0.0, "price" float DEFAULT 0.0, "devi_id" integer NOT NULL, "information_id" integer NOT NULL, "unite" varchar(255) DEFAULT 'pce', "position" integer) 
  [1m[36mSQL (0.0ms)[0m  [1mPRAGMA index_list("informationlignes")[0m
  [1m[35mSQL (0.1ms)[0m  CREATE INDEX "devi_id" ON "informationlignes" ("devi_id")
  [1m[36mSQL (0.0ms)[0m  [1mPRAGMA index_list("informationlignes")[0m
  [1m[35mSQL (0.0ms)[0m  PRAGMA index_info('devi_id')
  [1m[36mSQL (0.1ms)[0m  [1mCREATE INDEX "information_id" ON "informationlignes" ("information_id")[0m
  [1m[35mSQL (0.1ms)[0m   SELECT name
 FROM sqlite_master
 WHERE type = 'table' AND NOT name = 'sqlite_sequence'
  [1m[36mSQL (0.1ms)[0m  [1mCREATE TABLE "informations" ("id" INTEGER PRIMARY KEY AUTOINCREMENT NOT NULL, "name" varchar(255)) [0m
  [1m[35mSQL (0.1ms)[0m   SELECT name
 FROM sqlite_master
 WHERE type = 'table' AND NOT name = 'sqlite_sequence'
  [1m[36mSQL (0.1ms)[0m  [1mCREATE TABLE "lignedevis" ("id" INTEGER PRIMARY KEY AUTOINCREMENT NOT NULL, "devi_id" integer DEFAULT 0 NOT NULL, "prix" float DEFAULT 0.0, "name" varchar(255) DEFAULT '') [0m
  [1m[35mSQL (0.0ms)[0m  PRAGMA index_list("lignedevis")
  [1m[36mSQL (0.1ms)[0m  [1mCREATE INDEX "altered_lignedevis_devi_id" ON "lignedevis" ("devi_id")[0m
  [1m[35mSQL (0.1ms)[0m   SELECT name
 FROM sqlite_master
 WHERE type = 'table' AND NOT name = 'sqlite_sequence'
  [1m[36mSQL (0.1ms)[0m  [1mCREATE TABLE "pvrecettes" ("id" INTEGER PRIMARY KEY AUTOINCREMENT NOT NULL, "created_at" datetime, "updated_at" datetime, "numpvrecette" varchar(255), "devi_id" integer DEFAULT 1 NOT NULL) [0m
  [1m[35mSQL (0.0ms)[0m  PRAGMA index_list("pvrecettes")
  [1m[36mSQL (0.1ms)[0m  [1mCREATE INDEX "index_devi_pvrecettes" ON "pvrecettes" ("devi_id")[0m
  [1m[35mSQL (0.1ms)[0m   SELECT name
 FROM sqlite_master
 WHERE type = 'table' AND NOT name = 'sqlite_sequence'
  [1m[36mSQL (0.1ms)[0m  [1mCREATE TABLE "titleinformationlignes" ("id" INTEGER PRIMARY KEY AUTOINCREMENT NOT NULL, "title" varchar(255) NOT NULL, "informationligne_id" integer DEFAULT 0, "created_at" datetime, "updated_at" datetime, "information_id" integer DEFAULT 0 NOT NULL, "devi_id" integer DEFAULT 0 NOT NULL, "font_size" float DEFAULT 10.0 NOT NULL, "font_weight" varchar(255) DEFAULT 'normal' NOT NULL) [0m
  [1m[35mSQL (0.0ms)[0m  PRAGMA index_list("titleinformationlignes")
  [1m[36mSQL (0.1ms)[0m  [1mCREATE INDEX "titleinformationlignes_devi_id" ON "titleinformationlignes" ("devi_id")[0m
  [1m[35mSQL (0.1ms)[0m  PRAGMA index_list("titleinformationlignes")
  [1m[36mSQL (0.0ms)[0m  [1mPRAGMA index_info('titleinformationlignes_devi_id')[0m
  [1m[35mSQL (0.1ms)[0m  CREATE INDEX "altered_titleinformationlignes_information_id" ON "titleinformationlignes" ("information_id")
  [1m[36mSQL (0.1ms)[0m  [1mPRAGMA index_list("titleinformationlignes")[0m
  [1m[35mSQL (0.0ms)[0m  PRAGMA index_info('altered_titleinformationlignes_information_id')
  [1m[36mSQL (0.0ms)[0m  [1mPRAGMA index_info('titleinformationlignes_devi_id')[0m
  [1m[35mSQL (0.1ms)[0m  CREATE INDEX "titleinformationlignes_informationligne_id" ON "titleinformationlignes" ("informationligne_id")
  [1m[36mSQL (0.2ms)[0m  [1m SELECT name
 FROM sqlite_master
 WHERE type = 'table' AND NOT name = 'sqlite_sequence'
[0m
  [1m[35mSQL (0.2ms)[0m  CREATE TABLE "users" ("id" INTEGER PRIMARY KEY AUTOINCREMENT NOT NULL, "email" varchar(255) DEFAULT '' NOT NULL, "encrypted_password" varchar(128) DEFAULT '' NOT NULL, "password_salt" varchar(255) DEFAULT '' NOT NULL, "reset_password_token" varchar(255), "remember_token" varchar(255), "remember_created_at" datetime, "sign_in_count" integer DEFAULT 0, "current_sign_in_at" datetime, "last_sign_in_at" datetime, "current_sign_in_ip" varchar(255), "last_sign_in_ip" varchar(255), "created_at" datetime, "updated_at" datetime, "username" varchar(255)) 
  [1m[36mSQL (0.0ms)[0m  [1mPRAGMA index_list("users")[0m
  [1m[35mSQL (0.8ms)[0m  CREATE UNIQUE INDEX "index_users_on_email" ON "users" ("email")
  [1m[36mSQL (0.1ms)[0m  [1mPRAGMA index_list("users")[0m
  [1m[35mSQL (0.0ms)[0m  PRAGMA index_info('index_users_on_email')
  [1m[36mSQL (0.1ms)[0m  [1mCREATE UNIQUE INDEX "index_users_on_reset_password_token" ON "users" ("reset_password_token")[0m
  [1m[35mSQL (0.1ms)[0m  INSERT INTO "schema_migrations" ("version") VALUES ('20140709140044')
  [1m[36mSQL (0.3ms)[0m  [1m SELECT name
 FROM sqlite_master
 WHERE type = 'table' AND NOT name = 'sqlite_sequence'
[0m
  [1m[35mSQL (0.1ms)[0m  SELECT "schema_migrations"."version" FROM "schema_migrations"
  [1m[36mSQL (0.2ms)[0m  [1m SELECT name
 FROM sqlite_master
 WHERE type = 'table' AND NOT name = 'sqlite_sequence'
[0m
  [1m[35mSQL (0.1ms)[0m  PRAGMA index_list("avoirs")
  [1m[36mSQL (0.0ms)[0m  [1mPRAGMA index_info('facture_id')[0m
  [1m[35mSQL (0.0ms)[0m  PRAGMA index_list("bonlivraisons")
  [1m[36mSQL (0.1ms)[0m  [1mPRAGMA index_info('bonlivraison_devi_id')[0m
  [1m[35mSQL (0.0ms)[0m  PRAGMA index_list("bonlivraisons_factures")
  [1m[36mSQL (0.0ms)[0m  [1mPRAGMA index_info('index_bonlivraisons_factures_on_facture_id')[0m
  [1m[35mSQL (0.0ms)[0m  PRAGMA index_info('index_bonlivraisons_factures_on_bonlivraison_id')
  [1m[36mSQL (0.0ms)[0m  [1mPRAGMA index_list("clients")[0m
  [1m[35mSQL (0.1ms)[0m  PRAGMA index_list("devis")
  [1m[36mSQL (0.0ms)[0m  [1mPRAGMA index_info('client_id')[0m
  [1m[35mSQL (0.0ms)[0m  PRAGMA index_list("factures")
  [1m[36mSQL (0.0ms)[0m  [1mPRAGMA index_info('devi_facture_id')[0m
  [1m[35mSQL (0.1ms)[0m  PRAGMA index_list("factures_pvrecettes")
  [1m[36mSQL (0.0ms)[0m  [1mPRAGMA index_info('factures_pvrecettes_pvrecette_id')[0m
  [1m[35mSQL (0.0ms)[0m  PRAGMA index_info('factures_pvrecettes_facture_id')
  [1m[36mSQL (0.0ms)[0m  [1mPRAGMA index_list("informationlignes")[0m
  [1m[35mSQL (0.0ms)[0m  PRAGMA index_info('information_id')
  [1m[36mSQL (0.0ms)[0m  [1mPRAGMA index_info('devi_id')[0m
  [1m[35mSQL (0.0ms)[0m  PRAGMA index_list("informations")
  [1m[36mSQL (0.1ms)[0m  [1mPRAGMA index_list("lignedevis")[0m
  [1m[35mSQL (0.1ms)[0m  PRAGMA index_info('altered_lignedevis_devi_id')
  [1m[36mSQL (0.0ms)[0m  [1mPRAGMA index_list("pvrecettes")[0m
  [1m[35mSQL (0.1ms)[0m  PRAGMA index_info('index_devi_pvrecettes')
  [1m[36mSQL (0.1ms)[0m  [1mPRAGMA index_list("titleinformationlignes")[0m
  [1m[35mSQL (0.1ms)[0m  PRAGMA index_info('titleinformationlignes_informationligne_id')
  [1m[36mSQL (0.1ms)[0m  [1mPRAGMA index_info('altered_titleinformationlignes_information_id')[0m
  [1m[35mSQL (0.0ms)[0m  PRAGMA index_info('titleinformationlignes_devi_id')
  [1m[36mSQL (0.1ms)[0m  [1mPRAGMA index_list("users")[0m
  [1m[35mSQL (0.1ms)[0m  PRAGMA index_info('index_users_on_reset_password_token')
  [1m[36mSQL (0.0ms)[0m  [1mPRAGMA index_info('index_users_on_email')[0m
